<?xml version="1.0" encoding="UTF-8"?>
<!-- Generated by org.testng.reporters.JUnitXMLReporter -->
<testsuite hostname="oriolsoler" ignored="0" tests="11" failures="0" timestamp="2019-09-15T14:22:49 CEST" time="0.055" errors="0">
  <testcase name="addCoins" time="0.008" classname="VendingMachineTest"/>
  <testcase name="addProducts" time="0.0" classname="VendingMachineTest"/>
  <testcase name="buyProduct" time="0.007" classname="VendingMachineTest"/>
  <testcase name="buyProductHighPrice" time="0.002" classname="VendingMachineTest"/>
  <testcase name="buyProductWithoutEnoughChange" time="0.001" classname="VendingMachineTest"/>
  <testcase name="buyProductWithoutEnoughMoney" time="0.001" classname="VendingMachineTest"/>
  <testcase name="buyProductWithoutEnoughProducts" time="0.001" classname="VendingMachineTest"/>
  <testcase name="cancelOrder" time="0.0" classname="VendingMachineTest"/>
  <testcase name="getChange" time="0.0" classname="VendingMachineTest"/>
  <testcase name="insertCoins" time="0.0" classname="VendingMachineTest"/>
  <testcase name="resetVendingMachine" time="0.0" classname="VendingMachineTest"/>
</testsuite>
