<?xml version="1.0" encoding="UTF-8"?>
<testsuite xmlns:xsi="http://www.w3.org/2001/XMLSchema-instance" xsi:noNamespaceSchemaLocation="https://maven.apache.org/surefire/maven-surefire-plugin/xsd/surefire-test-report.xsd" name="VendingMachineTest" time="0.295" tests="11" errors="0" skipped="0" failures="0">
  <properties>
[...]
</properties>
  <testcase name="addCoins" classname="VendingMachineTest" time="0.009"/>
  <testcase name="addProducts" classname="VendingMachineTest" time="0"/>
  <testcase name="buyProduct" classname="VendingMachineTest" time="0.007"/>
  <testcase name="buyProductHighPrice" classname="VendingMachineTest" time="0.002"/>
  <testcase name="buyProductWithoutEnoughChange" classname="VendingMachineTest" time="0.001"/>
  <testcase name="buyProductWithoutEnoughMoney" classname="VendingMachineTest" time="0.001"/>
  <testcase name="buyProductWithoutEnoughProducts" classname="VendingMachineTest" time="0.001"/>
  <testcase name="cancelOrder" classname="VendingMachineTest" time="0.001"/>
  <testcase name="getChange" classname="VendingMachineTest" time="0"/>
  <testcase name="insertCoins" classname="VendingMachineTest" time="0"/>
  <testcase name="resetVendingMachine" classname="VendingMachineTest" time="0"/>
</testsuite>